==================================================
ASTraM Traffic Event Intelligence Evaluation Log
==================================================

Target Variable: EIS
--------------------------------------------------
Model Name                     | MAE        | RMSE       | R2-Score  
----------------------------------------------------------------------
Two-Tower Neural Network       | 4.0443     | 7.6000     | 0.6831    
LightGBM Baseline              | 4.2336     | 7.4289     | 0.6972    
Weighted Ensemble (DL+GBDT)    | 4.0293     | 7.3810     | 0.7011    

Target Variable: MANPOWER
--------------------------------------------------
Model Name                     | MAE        | RMSE       | R2-Score  
----------------------------------------------------------------------
Two-Tower Neural Network       | 0.8510     | 1.7012     | 0.6892    
LightGBM Baseline              | 0.3330     | 1.1109     | 0.8675    
Weighted Ensemble (DL+GBDT)    | 0.3328     | 1.1147     | 0.8666    

Target Variable: BARRICADES
--------------------------------------------------
Model Name                     | MAE        | RMSE       | R2-Score  
----------------------------------------------------------------------
Two-Tower Neural Network       | 2.3709     | 5.0151     | 0.8253    
LightGBM Baseline              | 2.5858     | 5.1074     | 0.8188    
Weighted Ensemble (DL+GBDT)    | 2.3885     | 4.9447     | 0.8302    

Target Variable: DIVERSION
--------------------------------------------------
Model Name                     | Acc@0.5  | F1@0.5   | Prec@0.5   | Rec@0.5   | ROC-AUC   | PR-AUC   | BestThr   | BestF1   | BestPrec   | BestRec 
-------------------------------------------------------------------------------------------------------------------------------------------------
Two-Tower Neural Network       | 0.9053   | 0.7417   | 0.8285     | 0.6713    | 0.8899    | 0.7803   | 0.52      | 0.7449   | 0.8422     | 0.6677  
LightGBM Baseline              | 0.9123   | 0.7834   | 0.7832     | 0.7837    | 0.9256    | 0.8441   | 0.57      | 0.7835   | 0.8063     | 0.7619  
Weighted Ensemble (DL+GBDT)    | 0.9145   | 0.7841   | 0.8021     | 0.7668    | 0.9243    | 0.8404   | 0.53      | 0.7858   | 0.8155     | 0.7583  